d:\omran\school\ing3\opengl\tp\op\op\x64\debug\vc143.pdb
d:\omran\school\ing3\opengl\tp\op\op\x64\debug\vc143.idb
d:\omran\school\ing3\opengl\tp\op\op\x64\debug\vertexbuffer.obj
d:\omran\school\ing3\opengl\tp\op\op\x64\debug\vertexarray.obj
d:\omran\school\ing3\opengl\tp\op\op\x64\debug\uvbuffer.obj
d:\omran\school\ing3\opengl\tp\op\op\x64\debug\shader.obj
d:\omran\school\ing3\opengl\tp\op\op\x64\debug\renderer.obj
d:\omran\school\ing3\opengl\tp\op\op\x64\debug\object.obj
d:\omran\school\ing3\opengl\tp\op\op\x64\debug\navigationcontrols.obj
d:\omran\school\ing3\opengl\tp\op\op\x64\debug\main.obj
d:\omran\school\ing3\opengl\tp\op\op\x64\debug\fpscontrols.obj
d:\omran\school\ing3\opengl\tp\op\op\x64\debug\controls.obj
d:\omran\school\ing3\opengl\tp\op\op\x64\debug\camera.obj
d:\omran\school\ing3\opengl\tp\op\op\x64\debug\layerraster.obj
d:\omran\school\ing3\opengl\tp\op\x64\debug\op.exe
d:\omran\school\ing3\opengl\tp\op\op\x64\debug\op.ilk
d:\omran\school\ing3\opengl\tp\op\x64\debug\op.pdb
d:\omran\school\ing3\opengl\tp\op\x64\debug\glew32d.dll
d:\omran\school\ing3\opengl\tp\op\x64\debug\glfw3.dll
d:\omran\school\ing3\opengl\tp\op\x64\debug\gdald.dll
d:\omran\school\ing3\opengl\tp\op\x64\debug\zlibd1.dll
d:\omran\school\ing3\opengl\tp\op\x64\debug\libcrypto-3-x64.dll
d:\omran\school\ing3\opengl\tp\op\x64\debug\libssl-3-x64.dll
d:\omran\school\ing3\opengl\tp\op\x64\debug\liblzma.dll
d:\omran\school\ing3\opengl\tp\op\x64\debug\qhull_rd.dll
d:\omran\school\ing3\opengl\tp\op\x64\debug\jpeg62.dll
d:\omran\school\ing3\opengl\tp\op\x64\debug\tiffd.dll
d:\omran\school\ing3\opengl\tp\op\x64\debug\geotiff_d.dll
d:\omran\school\ing3\opengl\tp\op\x64\debug\proj_d.dll
d:\omran\school\ing3\opengl\tp\op\x64\debug\sqlite3.dll
d:\omran\school\ing3\opengl\tp\op\x64\debug\libcurl-d.dll
d:\omran\school\ing3\opengl\tp\op\x64\debug\libpng16d.dll
d:\omran\school\ing3\opengl\tp\op\x64\debug\lerc.dll
d:\omran\school\ing3\opengl\tp\op\x64\debug\zstd.dll
d:\omran\school\ing3\opengl\tp\op\x64\debug\gif.dll
d:\omran\school\ing3\opengl\tp\op\x64\debug\netcdf.dll
d:\omran\school\ing3\opengl\tp\op\x64\debug\hdf5_hl_d.dll
d:\omran\school\ing3\opengl\tp\op\x64\debug\hdf5_d.dll
d:\omran\school\ing3\opengl\tp\op\x64\debug\webp.dll
d:\omran\school\ing3\opengl\tp\op\x64\debug\libpq.dll
d:\omran\school\ing3\opengl\tp\op\x64\debug\pcre2-8d.dll
d:\omran\school\ing3\opengl\tp\op\x64\debug\libexpatd.dll
d:\omran\school\ing3\opengl\tp\op\x64\debug\libxml2.dll
d:\omran\school\ing3\opengl\tp\op\x64\debug\iconv-2.dll
d:\omran\school\ing3\opengl\tp\op\x64\debug\geos_c.dll
d:\omran\school\ing3\opengl\tp\op\x64\debug\geos.dll
d:\omran\school\ing3\opengl\tp\op\x64\debug\json-c.dll
d:\omran\school\ing3\opengl\tp\op\x64\debug\openjp2.dll
d:\omran\school\ing3\opengl\tp\op\x64\debug\spatialite.dll
d:\omran\school\ing3\opengl\tp\op\x64\debug\freexl-1.dll
d:\omran\school\ing3\opengl\tp\op\op\x64\debug\camera.nativecodeanalysis.xml
d:\omran\school\ing3\opengl\tp\op\op\x64\debug\controls.nativecodeanalysis.xml
d:\omran\school\ing3\opengl\tp\op\op\x64\debug\fpscontrols.nativecodeanalysis.xml
d:\omran\school\ing3\opengl\tp\op\op\x64\debug\main.nativecodeanalysis.xml
d:\omran\school\ing3\opengl\tp\op\op\x64\debug\navigationcontrols.nativecodeanalysis.xml
d:\omran\school\ing3\opengl\tp\op\op\x64\debug\object.nativecodeanalysis.xml
d:\omran\school\ing3\opengl\tp\op\op\x64\debug\renderer.nativecodeanalysis.xml
d:\omran\school\ing3\opengl\tp\op\op\x64\debug\shader.nativecodeanalysis.xml
d:\omran\school\ing3\opengl\tp\op\op\x64\debug\uvbuffer.nativecodeanalysis.xml
d:\omran\school\ing3\opengl\tp\op\op\x64\debug\vertexarray.nativecodeanalysis.xml
d:\omran\school\ing3\opengl\tp\op\op\x64\debug\vertexbuffer.nativecodeanalysis.xml
d:\omran\school\ing3\opengl\tp\op\op\x64\debug\op.tlog\cl.command.1.tlog
d:\omran\school\ing3\opengl\tp\op\op\x64\debug\op.tlog\cl.read.1.tlog
d:\omran\school\ing3\opengl\tp\op\op\x64\debug\op.tlog\cl.write.1.tlog
d:\omran\school\ing3\opengl\tp\op\op\x64\debug\op.tlog\link.command.1.tlog
d:\omran\school\ing3\opengl\tp\op\op\x64\debug\op.tlog\link.read.1.tlog
d:\omran\school\ing3\opengl\tp\op\op\x64\debug\op.tlog\link.write.1.tlog
d:\omran\school\ing3\opengl\tp\op\op\x64\debug\op.tlog\op.write.1u.tlog
