
D:\omran\School\Ing3\opengl\tp\op\x64\Debug\gdald.dll
D:\omran\School\Ing3\opengl\tp\op\x64\Debug\zlibd1.dll
D:\omran\School\Ing3\opengl\tp\op\x64\Debug\libcrypto-3-x64.dll
D:\omran\School\Ing3\opengl\tp\op\x64\Debug\libssl-3-x64.dll
D:\omran\School\Ing3\opengl\tp\op\x64\Debug\liblzma.dll
D:\omran\School\Ing3\opengl\tp\op\x64\Debug\qhull_rd.dll
D:\omran\School\Ing3\opengl\tp\op\x64\Debug\jpeg62.dll
D:\omran\School\Ing3\opengl\tp\op\x64\Debug\tiffd.dll
D:\omran\School\Ing3\opengl\tp\op\x64\Debug\geotiff_d.dll
D:\omran\School\Ing3\opengl\tp\op\x64\Debug\proj_d.dll
D:\omran\School\Ing3\opengl\tp\op\x64\Debug\sqlite3.dll
D:\omran\School\Ing3\opengl\tp\op\x64\Debug\libcurl-d.dll
D:\omran\School\Ing3\opengl\tp\op\x64\Debug\libpng16d.dll
D:\omran\School\Ing3\opengl\tp\op\x64\Debug\Lerc.dll
D:\omran\School\Ing3\opengl\tp\op\x64\Debug\zstd.dll
D:\omran\School\Ing3\opengl\tp\op\x64\Debug\gif.dll
D:\omran\School\Ing3\opengl\tp\op\x64\Debug\netcdf.dll
D:\omran\School\Ing3\opengl\tp\op\x64\Debug\hdf5_hl_D.dll
D:\omran\School\Ing3\opengl\tp\op\x64\Debug\hdf5_D.dll
D:\omran\School\Ing3\opengl\tp\op\x64\Debug\webp.dll
D:\omran\School\Ing3\opengl\tp\op\x64\Debug\LIBPQ.dll
D:\omran\School\Ing3\opengl\tp\op\x64\Debug\pcre2-8d.dll
D:\omran\School\Ing3\opengl\tp\op\x64\Debug\libexpatd.dll
D:\omran\School\Ing3\opengl\tp\op\x64\Debug\libxml2.dll
D:\omran\School\Ing3\opengl\tp\op\x64\Debug\iconv-2.dll
D:\omran\School\Ing3\opengl\tp\op\x64\Debug\geos_c.dll
D:\omran\School\Ing3\opengl\tp\op\x64\Debug\geos.dll
D:\omran\School\Ing3\opengl\tp\op\x64\Debug\json-c.dll
D:\omran\School\Ing3\opengl\tp\op\x64\Debug\openjp2.dll
D:\omran\School\Ing3\opengl\tp\op\x64\Debug\spatialite.dll
D:\omran\School\Ing3\opengl\tp\op\x64\Debug\freexl-1.dll
D:\omran\School\Ing3\opengl\tp\op\x64\Debug\glew32d.dll
D:\omran\School\Ing3\opengl\tp\op\x64\Debug\glfw3.dll
