
D:\omran\School\Ing3\opengl\tp\op\x64\Release\gdal.dll
D:\omran\School\Ing3\opengl\tp\op\x64\Release\zlib1.dll
D:\omran\School\Ing3\opengl\tp\op\x64\Release\libcrypto-3-x64.dll
D:\omran\School\Ing3\opengl\tp\op\x64\Release\libssl-3-x64.dll
D:\omran\School\Ing3\opengl\tp\op\x64\Release\liblzma.dll
D:\omran\School\Ing3\opengl\tp\op\x64\Release\qhull_r.dll
D:\omran\School\Ing3\opengl\tp\op\x64\Release\jpeg62.dll
D:\omran\School\Ing3\opengl\tp\op\x64\Release\tiff.dll
D:\omran\School\Ing3\opengl\tp\op\x64\Release\geotiff.dll
D:\omran\School\Ing3\opengl\tp\op\x64\Release\proj.dll
D:\omran\School\Ing3\opengl\tp\op\x64\Release\sqlite3.dll
D:\omran\School\Ing3\opengl\tp\op\x64\Release\libcurl.dll
D:\omran\School\Ing3\opengl\tp\op\x64\Release\libpng16.dll
D:\omran\School\Ing3\opengl\tp\op\x64\Release\Lerc.dll
D:\omran\School\Ing3\opengl\tp\op\x64\Release\zstd.dll
D:\omran\School\Ing3\opengl\tp\op\x64\Release\gif.dll
D:\omran\School\Ing3\opengl\tp\op\x64\Release\netcdf.dll
D:\omran\School\Ing3\opengl\tp\op\x64\Release\hdf5_hl.dll
D:\omran\School\Ing3\opengl\tp\op\x64\Release\hdf5.dll
D:\omran\School\Ing3\opengl\tp\op\x64\Release\webp.dll
D:\omran\School\Ing3\opengl\tp\op\x64\Release\LIBPQ.dll
D:\omran\School\Ing3\opengl\tp\op\x64\Release\pcre2-8.dll
D:\omran\School\Ing3\opengl\tp\op\x64\Release\libexpat.dll
D:\omran\School\Ing3\opengl\tp\op\x64\Release\libxml2.dll
D:\omran\School\Ing3\opengl\tp\op\x64\Release\iconv-2.dll
D:\omran\School\Ing3\opengl\tp\op\x64\Release\geos_c.dll
D:\omran\School\Ing3\opengl\tp\op\x64\Release\geos.dll
D:\omran\School\Ing3\opengl\tp\op\x64\Release\json-c.dll
D:\omran\School\Ing3\opengl\tp\op\x64\Release\openjp2.dll
D:\omran\School\Ing3\opengl\tp\op\x64\Release\spatialite.dll
D:\omran\School\Ing3\opengl\tp\op\x64\Release\freexl-1.dll
D:\omran\School\Ing3\opengl\tp\op\x64\Release\glew32.dll
D:\omran\School\Ing3\opengl\tp\op\x64\Release\glfw3.dll
